<?xml version="1.0" encoding="UTF-8"?>
<!-- Generated by org.testng.reporters.JUnitXMLReporter -->
<testsuite ignored="0" hostname="DESKTOP-25SF6VP" failures="1" tests="14" name="Tutorials Tests" time="249.489" errors="0" timestamp="2023-01-11T18:33:51 IST">
  <testcase classname="com.tutorials.qa.testcases.RegisterTest" name="verifyRegisteringAnAccountWithMandatoryFields" time="3.317"/>
  <testcase classname="com.tutorials.qa.testcases.RegisterTest" name="verifyRegisteringAccountByProvidingAllFields" time="2.669"/>
  <testcase classname="com.tutorials.qa.testcases.RegisterTest" name="verifyRegisteringAccountWithExistingEmailAddress" time="2.761"/>
  <testcase classname="com.tutorials.qa.testcases.RegisterTest" name="verifyRegisteringAccountWithoutFillingAnyDetails" time="1.109"/>
  <testcase classname="com.tutorials.qa.testcases.LoginTest" name="verifyLoginWithValidCredentials" time="1.494"/>
  <testcase classname="com.tutorials.qa.testcases.LoginTest" name="verifyLoginWithValidCredentials" time="1.434"/>
  <testcase classname="com.tutorials.qa.testcases.LoginTest" name="verifyLoginWithValidCredentials" time="21.436">
    <failure type="org.openqa.selenium.NoSuchElementException" message="no such element: Unable to locate element: {&amp;quot;method&amp;quot;:&amp;quot;link text&amp;quot;,&amp;quot;selector&amp;quot;:&amp;quot;Edit your account information&amp;quot;}
  (Session info: chrome=108.0.5359.125)
For documentation on this error, please visit: https://selenium.dev/exceptions/#no_such_element
Build info: version: &amp;apos;4.6.0&amp;apos;, revision: &amp;apos;79f1c02ae20&amp;apos;
System info: os.name: &amp;apos;Windows 10&amp;apos;, os.arch: &amp;apos;amd64&amp;apos;, os.version: &amp;apos;10.0&amp;apos;, java.version: &amp;apos;18.0.1&amp;apos;
Driver info: org.openqa.selenium.chrome.ChromeDriver
Command: [7d93cedc3ad4843e89525e10cf227fa6, findElement {using=link text, value=Edit your account information}]
Capabilities {acceptInsecureCerts: false, browserName: chrome, browserVersion: 108.0.5359.125, chrome: {chromedriverVersion: 108.0.5359.71 (1e0e3868ee06..., userDataDir: C:\Users\Ubada\AppData\Loca...}, goog:chromeOptions: {debuggerAddress: localhost:49292}, networkConnectionEnabled: false, pageLoadStrategy: normal, platformName: WINDOWS, proxy: Proxy(), se:cdp: ws://localhost:49292/devtoo..., se:cdpVersion: 108.0.5359.125, setWindowRect: true, strictFileInteractability: false, timeouts: {implicit: 0, pageLoad: 300000, script: 30000}, unhandledPromptBehavior: dismiss and notify, webauthn:extension:credBlob: true, webauthn:extension:largeBlob: true, webauthn:virtualAuthenticators: true}
Session ID: 7d93cedc3ad4843e89525e10cf227fa6">
      <![CDATA[org.openqa.selenium.NoSuchElementException: no such element: Unable to locate element: {"method":"link text","selector":"Edit your account information"}
  (Session info: chrome=108.0.5359.125)
For documentation on this error, please visit: https://selenium.dev/exceptions/#no_such_element
Build info: version: '4.6.0', revision: '79f1c02ae20'
System info: os.name: 'Windows 10', os.arch: 'amd64', os.version: '10.0', java.version: '18.0.1'
Driver info: org.openqa.selenium.chrome.ChromeDriver
Command: [7d93cedc3ad4843e89525e10cf227fa6, findElement {using=link text, value=Edit your account information}]
Capabilities {acceptInsecureCerts: false, browserName: chrome, browserVersion: 108.0.5359.125, chrome: {chromedriverVersion: 108.0.5359.71 (1e0e3868ee06..., userDataDir: C:\Users\Ubada\AppData\Loca...}, goog:chromeOptions: {debuggerAddress: localhost:49292}, networkConnectionEnabled: false, pageLoadStrategy: normal, platformName: WINDOWS, proxy: Proxy(), se:cdp: ws://localhost:49292/devtoo..., se:cdpVersion: 108.0.5359.125, setWindowRect: true, strictFileInteractability: false, timeouts: {implicit: 0, pageLoad: 300000, script: 30000}, unhandledPromptBehavior: dismiss and notify, webauthn:extension:credBlob: true, webauthn:extension:largeBlob: true, webauthn:virtualAuthenticators: true}
Session ID: 7d93cedc3ad4843e89525e10cf227fa6
at org.openqa.selenium.remote.codec.w3c.W3CHttpResponseCodec.createException(W3CHttpResponseCodec.java:200)
at org.openqa.selenium.remote.codec.w3c.W3CHttpResponseCodec.decode(W3CHttpResponseCodec.java:133)
at org.openqa.selenium.remote.codec.w3c.W3CHttpResponseCodec.decode(W3CHttpResponseCodec.java:53)
at org.openqa.selenium.remote.HttpCommandExecutor.execute(HttpCommandExecutor.java:184)
at org.openqa.selenium.remote.service.DriverCommandExecutor.invokeExecute(DriverCommandExecutor.java:167)
at org.openqa.selenium.remote.service.DriverCommandExecutor.execute(DriverCommandExecutor.java:142)
at org.openqa.selenium.remote.RemoteWebDriver.execute(RemoteWebDriver.java:541)
at org.openqa.selenium.remote.ElementLocation$ElementFinder$2.findElement(ElementLocation.java:162)
at org.openqa.selenium.remote.ElementLocation.findElement(ElementLocation.java:60)
at org.openqa.selenium.remote.RemoteWebDriver.findElement(RemoteWebDriver.java:365)
at org.openqa.selenium.remote.RemoteWebDriver.findElement(RemoteWebDriver.java:357)
at org.openqa.selenium.support.pagefactory.DefaultElementLocator.findElement(DefaultElementLocator.java:70)
at org.openqa.selenium.support.pagefactory.internal.LocatingElementHandler.invoke(LocatingElementHandler.java:39)
at jdk.proxy2/jdk.proxy2.$Proxy18.isDisplayed(Unknown Source)
at com.tutorials.qa.pages.AccountPage.getDisplayStatusOfEditYourAccountInformationOption(AccountPage.java:24)
at com.tutorials.qa.testcases.LoginTest.verifyLoginWithValidCredentials(LoginTest.java:46)
at java.base/java.util.ArrayList.forEach(ArrayList.java:1511)
... Removed 28 stack frames]]>
    </failure>
  </testcase> <!-- verifyLoginWithValidCredentials -->
  <testcase classname="com.tutorials.qa.testcases.LoginTest" name="verifyLoginWithInvalidCredentials" time="1.872"/>
  <testcase classname="com.tutorials.qa.testcases.LoginTest" name="verifyLoginWithInvalidEmailAndValidPassword" time="1.366"/>
  <testcase classname="com.tutorials.qa.testcases.LoginTest" name="verifyLoginWithValidEmailAndInvalidPassword" time="2.149"/>
  <testcase classname="com.tutorials.qa.testcases.LoginTest" name="verifyLoginWithoutProvidingCredentials" time="1.342"/>
  <testcase classname="com.tutorials.qa.testcases.SearchTest" name="verifySearchWithValidProduct" time="1.748"/>
  <testcase classname="com.tutorials.qa.testcases.SearchTest" name="verifySearchWithInvalidProduct" time="1.083"/>
  <testcase classname="com.tutorials.qa.testcases.SearchTest" name="verifySearchWithoutAnyProduct" time="0.858"/>
</testsuite> <!-- Tutorials Tests -->
